INFO:root:Stop Words Filter
INFO:root:Feature selection
INFO:root:get_selected_features: ENTER
INFO:root:get_selected_features: Got common data
INFO:root:get_mutual_info: ENTER with label 0
INFO:root:=========  AUTHOR  ============
INFO:root:[book]
INFO:root:[people]
INFO:root:[say]
INFO:root:[time]
INFO:root:[years]
INFO:root:[more]
INFO:root:[don]
INFO:root:[into]
INFO:root:[life]
INFO:root:[actually]
INFO:root:[talk]
INFO:root:[see]
INFO:root:[called]
INFO:root:[sort]
INFO:root:[got]
INFO:root:[back]
INFO:root:[said]
INFO:root:[thank]
INFO:root:[didn]
INFO:root:[story]
INFO:root:[write]
INFO:root:[world]
INFO:root:[why]
INFO:root:[even]
INFO:root:[those]
INFO:root:[thanks]
INFO:root:[little]
INFO:root:[read]
INFO:root:[will]
INFO:root:[over]
INFO:root:[times]
INFO:root:[around]
INFO:root:[author]
INFO:root:[call]
INFO:root:[talking]
INFO:root:[point]
INFO:root:[fact]
INFO:root:[come]
INFO:root:[part]
INFO:root:[day]
INFO:root:[take]
INFO:root:[through]
INFO:root:[interesting]
INFO:root:[find]
INFO:root:[still]
INFO:root:[thought]
INFO:root:[tell]
INFO:root:[work]
INFO:root:[man]
INFO:root:[own]
INFO:root:[novel]
INFO:root:[question]
INFO:root:[books]
INFO:root:[writing]
INFO:root:[every]
INFO:root:[course]
INFO:root:[too]
INFO:root:[old]
INFO:root:[different]
INFO:root:[never]
INFO:root:[happened]
INFO:root:[end]
INFO:root:[n]
INFO:root:[came]
INFO:root:[does]
INFO:root:[year]
INFO:root:[absolutely]
INFO:root:[between]
INFO:root:[family]
INFO:root:[having]
INFO:root:[down]
INFO:root:[american]
INFO:root:[children]
INFO:root:[sure]
INFO:root:[war]
INFO:root:[went]
INFO:root:[tory]
INFO:root:[give]
INFO:root:[sense]
INFO:root:[look]
INFO:root:[made]
INFO:root:[need]
INFO:root:[stories]
INFO:root:[ask]
INFO:root:[wanted]
INFO:root:[wasn]
INFO:root:[idea]
INFO:root:[before]
INFO:root:[today]
INFO:root:[put]
INFO:root:[off]
INFO:root:[body]
INFO:root:[place]
INFO:root:[its]
INFO:root:[certainly]
INFO:root:[reading]
INFO:root:[anything]
INFO:root:[again]
INFO:root:[feel]
INFO:root:[pretty]
INFO:root:[should]
INFO:root:[another]
INFO:root:[s]
INFO:root:[says]
INFO:root:[doing]
INFO:root:[young]
INFO:root:[npr]
INFO:root:[few]
INFO:root:[might]
INFO:root:[long]
INFO:root:[ever]
INFO:root:[hi]
INFO:root:[looking]
INFO:root:[women]
INFO:root:[hmm]
INFO:root:[big]
INFO:root:[woman]
INFO:root:[able]
INFO:root:[almost]
INFO:root:[mother]
INFO:root:[kids]
INFO:root:[describe]
INFO:root:[try]
INFO:root:[men]
INFO:root:[le]
INFO:root:[knew]
INFO:root:[ways]
INFO:root:[both]
INFO:root:[quite]
INFO:root:[become]
INFO:root:[exactly]
INFO:root:[hard]
INFO:root:[start]
INFO:root:[doesn]
INFO:root:[basically]
INFO:root:[york]
INFO:root:[person]
INFO:root:[often]
INFO:root:[ago]
INFO:root:[last]
INFO:root:[love]
INFO:root:[three]
INFO:root:[air]
INFO:root:[everything]
INFO:root:[next]
INFO:root:[example]
INFO:root:[america]
INFO:root:[used]
INFO:root:[nation]
INFO:root:[child]
INFO:root:[country]
INFO:root:[important]
INFO:root:[am]
INFO:root:[we'll]
INFO:root:[found]
INFO:root:[best]
INFO:root:[probably]
INFO:root:[told]
INFO:root:[away]
INFO:root:[case]
INFO:root:[remember]
INFO:root:[father]
INFO:root:[saw]
INFO:root:[short]
INFO:root:[mm]
INFO:root:[states]
INFO:root:[lived]
INFO:root:[experience]
INFO:root:[8255]
INFO:root:[989]
INFO:root:[mind]
INFO:root:[thinking]
INFO:root:[understand]
INFO:root:[while]
INFO:root:[saying]
INFO:root:[everybody]
INFO:root:[comes]
INFO:root:[keep]
INFO:root:[better]
INFO:root:[trying]
INFO:root:[moment]
INFO:root:[news]
INFO:root:[such]
INFO:root:[may]
INFO:root:[united]
INFO:root:[parents]
INFO:root:[use]
INFO:root:[email]
INFO:root:[hear]
INFO:root:[once]
INFO:root:[gets]
INFO:root:[lives]
INFO:root:[school]
INFO:root:[death]
INFO:root:[live]
INFO:root:[perhaps]
INFO:root:[ahead]
INFO:root:[high]
INFO:root:[believe]
INFO:root:[goes]
INFO:root:get_mutual_info: ENTER with label 1
INFO:root:=========  MOVIES  ============
INFO:root:[film]
INFO:root:[movie]
INFO:root:[don]
INFO:root:[people]
INFO:root:[character]
INFO:root:[see]
INFO:root:[time]
INFO:root:[scene]
INFO:root:[didn]
INFO:root:[films]
INFO:root:[more]
INFO:root:[actor]
INFO:root:[into]
INFO:root:[say]
INFO:root:[those]
INFO:root:[got]
INFO:root:[back]
INFO:root:[director]
INFO:root:[actually]
INFO:root:[doing]
INFO:root:[life]
INFO:root:[real]
INFO:root:[movies]
INFO:root:[said]
INFO:root:[funny]
INFO:root:[play]
INFO:root:[story]
INFO:root:[thought]
INFO:root:[even]
INFO:root:[never]
INFO:root:[made]
INFO:root:[will]
INFO:root:[little]
INFO:root:[look]
INFO:root:[played]
INFO:root:[wanted]
INFO:root:[off]
INFO:root:[work]
INFO:root:[part]
INFO:root:[before]
INFO:root:[sort]
INFO:root:[directed]
INFO:root:[talking]
INFO:root:[show]
INFO:root:[times]
INFO:root:[take]
INFO:root:[wasn]
INFO:root:[why]
INFO:root:[talk]
INFO:root:[tell]
INFO:root:[actors]
INFO:root:[role]
INFO:root:[around]
INFO:root:[day]
INFO:root:[both]
INFO:root:[point]
INFO:root:[three]
INFO:root:[n]
INFO:root:[watch]
INFO:root:[guest]
INFO:root:[come]
INFO:root:[years]
INFO:root:[documentary]
INFO:root:[love]
INFO:root:[making]
INFO:root:[thank]
INFO:root:[star]
INFO:root:[comedy]
INFO:root:[feel]
INFO:root:[ever]
INFO:root:[says]
INFO:root:[through]
INFO:root:[sure]
INFO:root:[characters]
INFO:root:[plays]
INFO:root:[family]
INFO:root:[father]
INFO:root:[end]
INFO:root:[away]
INFO:root:[air]
INFO:root:[trying]
INFO:root:[pretty]
INFO:root:[felt]
INFO:root:[fun]
INFO:root:[does]
INFO:root:[watching]
INFO:root:[able]
INFO:root:[man]
INFO:root:[anything]
INFO:root:[having]
INFO:root:[oscar]
INFO:root:[clip]
INFO:root:[started]
INFO:root:[old]
INFO:root:[hmm]
INFO:root:[seen]
INFO:root:[went]
INFO:root:[fresh]
INFO:root:[put]
INFO:root:[course]
INFO:root:[should]
INFO:root:[person]
INFO:root:[mm]
INFO:root:[set]
INFO:root:[young]
INFO:root:[saw]
INFO:root:[big]
INFO:root:[shooting]
INFO:root:[acting]
INFO:root:[too]
INFO:root:[god]
INFO:root:[camera]
INFO:root:[every]
INFO:root:[year]
INFO:root:[find]
INFO:root:[script]
INFO:root:[school]
INFO:root:[remember]
INFO:root:[understand]
INFO:root:[guess]
INFO:root:[over]
INFO:root:[nothing]
INFO:root:[shot]
INFO:root:[obviously]
INFO:root:[probably]
INFO:root:[am]
INFO:root:[guys]
INFO:root:[still]
INFO:root:[career]
INFO:root:[call]
INFO:root:[knew]
INFO:root:[else]
INFO:root:[everything]
INFO:root:[scenes]
INFO:root:[long]
INFO:root:[audience]
INFO:root:[called]
INFO:root:[body]
INFO:root:[stars]
INFO:root:[myself]
INFO:root:[le]
INFO:root:[we'll]
INFO:root:[stuff]
INFO:root:[down]
INFO:root:[hear]
INFO:root:[name]
INFO:root:[okay]
INFO:root:[coming]
INFO:root:[woman]
INFO:root:[everybody]
INFO:root:[moment]
INFO:root:[starring]
INFO:root:[try]
INFO:root:[once]
INFO:root:[york]
INFO:root:[give]
INFO:root:[high]
INFO:root:[michael]
INFO:root:[another]
INFO:root:[npr]
INFO:root:[working]
INFO:root:[roles]
INFO:root:[shoot]
INFO:root:[found]
INFO:root:[laugh]
INFO:root:[process]
INFO:root:[different]
INFO:root:[came]
INFO:root:[i'll]
INFO:root:[s]
INFO:root:[saying]
INFO:root:[half]
INFO:root:[quite]
INFO:root:[actress]
INFO:root:[world]
INFO:root:[amazing]
INFO:root:[best]
INFO:root:[cast]
INFO:root:[hollywood]
INFO:root:[experience]
INFO:root:[wow]
INFO:root:[asked]
INFO:root:[next]
INFO:root:[between]
INFO:root:[mother]
INFO:root:[yourself]
INFO:root:[close]
INFO:root:[kid]
INFO:root:[early]
INFO:root:[writer]
INFO:root:[boy]
INFO:root:[happened]
INFO:root:[looked]
INFO:root:[thanks]
INFO:root:[seth]
INFO:root:[john]
INFO:root:[question]
INFO:root:[important]
INFO:root:[himself]
INFO:root:[listen]
INFO:root:get_mutual_info: ENTER with label 2
INFO:root:=========  MUSIC  ============
INFO:root:[music]
INFO:root:[song]
INFO:root:[album]
INFO:root:[songs]
INFO:root:[time]
INFO:root:[don]
INFO:root:[play]
INFO:root:[called]
INFO:root:[band]
INFO:root:[record]
INFO:root:[got]
INFO:root:[hear]
INFO:root:[love]
INFO:root:[playing]
INFO:root:[singing]
INFO:root:[people]
INFO:root:[say]
INFO:root:[little]
INFO:root:[more]
INFO:root:[years]
INFO:root:[back]
INFO:root:[singer]
INFO:root:[guitar]
INFO:root:[into]
INFO:root:[sing]
INFO:root:[said]
INFO:root:[wrote]
INFO:root:[down]
INFO:root:[come]
INFO:root:[sound]
INFO:root:[feel]
INFO:root:[listen]
INFO:root:[came]
INFO:root:[recording]
INFO:root:[actually]
INFO:root:[even]
INFO:root:[jazz]
INFO:root:[n]
INFO:root:[life]
INFO:root:[never]
INFO:root:[different]
INFO:root:[started]
INFO:root:[heard]
INFO:root:[sort]
INFO:root:[tell]
INFO:root:[big]
INFO:root:[studio]
INFO:root:[old]
INFO:root:[put]
INFO:root:[made]
INFO:root:[those]
INFO:root:[see]
INFO:root:[through]
INFO:root:[rock]
INFO:root:[doing]
INFO:root:[cd]
INFO:root:[together]
INFO:root:[still]
INFO:root:[before]
INFO:root:[take]
INFO:root:[remember]
INFO:root:[world]
INFO:root:[records]
INFO:root:[played]
INFO:root:[thank]
INFO:root:[too]
INFO:root:[over]
INFO:root:[lyrics]
INFO:root:[sounds]
INFO:root:[another]
INFO:root:[man]
INFO:root:[why]
INFO:root:[live]
INFO:root:[didn]
INFO:root:[went]
INFO:root:[wanted]
INFO:root:[ever]
INFO:root:[write]
INFO:root:[times]
INFO:root:[musicians]
INFO:root:[musician]
INFO:root:['cause]
INFO:root:[i'll]
INFO:root:[day]
INFO:root:[hit]
INFO:root:[long]
INFO:root:[recorded]
INFO:root:[voice]
INFO:root:[around]
INFO:root:[own]
INFO:root:[last]
INFO:root:[thought]
INFO:root:[young]
INFO:root:[away]
INFO:root:[stuff]
INFO:root:[start]
INFO:root:[every]
INFO:root:[having]
INFO:root:[listening]
INFO:root:[night]
INFO:root:[baby]
INFO:root:[work]
INFO:root:[songwriter]
INFO:root:[says]
INFO:root:[give]
INFO:root:[melody]
INFO:root:[coming]
INFO:root:[quite]
INFO:root:[musical]
INFO:root:[show]
INFO:root:[few]
INFO:root:[talk]
INFO:root:[while]
INFO:root:[solo]
INFO:root:[place]
INFO:root:[again]
INFO:root:[will]
INFO:root:[ago]
INFO:root:[probably]
INFO:root:[everything]
INFO:root:[track]
INFO:root:[name]
INFO:root:[part]
INFO:root:[three]
INFO:root:[bands]
INFO:root:[le]
INFO:root:[should]
INFO:root:[i'd]
INFO:root:[home]
INFO:root:[soul]
INFO:root:[does]
INFO:root:[find]
INFO:root:[hop]
INFO:root:[hip]
INFO:root:[albums]
INFO:root:[written]
INFO:root:[course]
INFO:root:[try]
INFO:root:[talking]
INFO:root:[fun]
INFO:root:[released]
INFO:root:[guess]
INFO:root:[singers]
INFO:root:[trying]
INFO:root:[blues]
INFO:root:[off]
INFO:root:[best]
INFO:root:[though]
INFO:root:[pop]
INFO:root:[piano]
INFO:root:[writing]
INFO:root:[york]
INFO:root:[career]
INFO:root:[making]
INFO:root:[classical]
INFO:root:[tune]
INFO:root:[used]
INFO:root:[pretty]
INFO:root:[feeling]
INFO:root:[artist]
INFO:root:[yourself]
INFO:root:[felt]
INFO:root:[heart]
INFO:root:[enough]
INFO:root:[since]
INFO:root:[such]
INFO:root:[npr]
INFO:root:[four]
INFO:root:[beautiful]
INFO:root:[recordings]
INFO:root:[knew]
INFO:root:[story]
INFO:root:[orchestra]
INFO:root:[guys]
INFO:root:[notes]
INFO:root:[style]
INFO:root:[today]
INFO:root:[group]
INFO:root:[else]
INFO:root:[inspired]
INFO:root:[sure]
INFO:root:[body]
INFO:root:[ask]
INFO:root:[sang]
INFO:root:[label]
INFO:root:[hard]
INFO:root:[days]
INFO:root:[sung]
INFO:root:[moment]
INFO:root:[end]
INFO:root:[john]
INFO:root:[year]
INFO:root:[tour]
INFO:root:[each]
INFO:root:[folk]
INFO:root:[told]
INFO:root:[exactly]
INFO:root:[five]
INFO:root:[bring]
INFO:root:[behind]
INFO:root:get_mutual_info: ENTER with label 3
INFO:root:=========  INTERVIEW  ============
INFO:root:[people]
INFO:root:[don]
INFO:root:[say]
INFO:root:[more]
INFO:root:[time]
INFO:root:[will]
INFO:root:[said]
INFO:root:[back]
INFO:root:[into]
INFO:root:[those]
INFO:root:[see]
INFO:root:[years]
INFO:root:[over]
INFO:root:[got]
INFO:root:[thank]
INFO:root:[american]
INFO:root:[didn]
INFO:root:[actually]
INFO:root:[before]
INFO:root:[part]
INFO:root:[need]
INFO:root:[doing]
INFO:root:[look]
INFO:root:[might]
INFO:root:[down]
INFO:root:[come]
INFO:root:[year]
INFO:root:[why]
INFO:root:[take]
INFO:root:[last]
INFO:root:[president]
INFO:root:[day]
INFO:root:[talk]
INFO:root:[talking]
INFO:root:[country]
INFO:root:[little]
INFO:root:[trying]
INFO:root:[still]
INFO:root:[through]
INFO:root:[life]
INFO:root:[different]
INFO:root:[tell]
INFO:root:[does]
INFO:root:[times]
INFO:root:[having]
INFO:root:[every]
INFO:root:[big]
INFO:root:[even]
INFO:root:[show]
INFO:root:[fact]
INFO:root:[never]
INFO:root:[work]
INFO:root:[saying]
INFO:root:[united]
INFO:root:[states]
INFO:root:[came]
INFO:root:[sure]
INFO:root:[question]
INFO:root:[point]
INFO:root:[made]
INFO:root:[ask]
INFO:root:[again]
INFO:root:[issue]
INFO:root:[feel]
INFO:root:[course]
INFO:root:[give]
INFO:root:[doesn]
INFO:root:[government]
INFO:root:[obama]
INFO:root:[around]
INFO:root:[house]
INFO:root:[long]
INFO:root:[another]
INFO:root:[money]
INFO:root:[put]
INFO:root:[thought]
INFO:root:[went]
INFO:root:[coming]
INFO:root:[too]
INFO:root:[believe]
INFO:root:[called]
INFO:root:[whether]
INFO:root:[home]
INFO:root:[wanted]
INFO:root:[number]
INFO:root:[n]
INFO:root:[issues]
INFO:root:[administration]
INFO:root:[should]
INFO:root:[speaking]
INFO:root:[used]
INFO:root:[try]
INFO:root:[example]
INFO:root:[important]
INFO:root:[find]
INFO:root:[help]
INFO:root:[care]
INFO:root:[sort]
INFO:root:[s]
INFO:root:[npr]
INFO:root:[left]
INFO:root:[idea]
INFO:root:[problem]
INFO:root:[world]
INFO:root:[place]
INFO:root:[off]
INFO:root:[case]
INFO:root:[such]
INFO:root:[body]
INFO:root:[congress]
INFO:root:[couple]
INFO:root:[african]
INFO:root:[enough]
INFO:root:[national]
INFO:root:[anything]
INFO:root:[both]
INFO:root:[looking]
INFO:root:[person]
INFO:root:[washington]
INFO:root:[le]
INFO:root:[love]
INFO:root:[week]
INFO:root:[told]
INFO:root:[heard]
INFO:root:[situation]
INFO:root:[though]
INFO:root:[public]
INFO:root:[pretty]
INFO:root:[hard]
INFO:root:[use]
INFO:root:[certainly]
INFO:root:[u]
INFO:root:[means]
INFO:root:[making]
INFO:root:[americans]
INFO:root:[white]
INFO:root:[far]
INFO:root:[understand]
INFO:root:[deal]
INFO:root:[its]
INFO:root:[least]
INFO:root:[call]
INFO:root:[three]
INFO:root:[tory]
INFO:root:[able]
INFO:root:[group]
INFO:root:[iraq]
INFO:root:[political]
INFO:root:[bad]
INFO:root:[since]
INFO:root:[start]
INFO:root:[children]
INFO:root:[interesting]
INFO:root:[during]
INFO:root:[job]
INFO:root:[provided]
INFO:root:[ago]
INFO:root:[ever]
INFO:root:[joining]
INFO:root:[mother]
INFO:root:[happen]
INFO:root:[state]
INFO:root:[exactly]
INFO:root:[sense]
INFO:root:[together]
INFO:root:[real]
INFO:root:[may]
INFO:root:[once]
INFO:root:[women]
INFO:root:[few]
INFO:root:[senator]
INFO:root:[black]
INFO:root:[probably]
INFO:root:[better]
INFO:root:[law]
INFO:root:[next]
INFO:root:[four]
INFO:root:[family]
INFO:root:[seen]
INFO:root:[york]
INFO:root:[change]
INFO:root:[party]
INFO:root:[away]
INFO:root:[own]
INFO:root:[that]
INFO:root:[old]
INFO:root:[everybody]
INFO:root:[won]
INFO:root:[kids]
INFO:root:[says]
INFO:root:[started]
INFO:root:[center]
INFO:root:[we'll]
INFO:root:[break]
INFO:root:[months]
INFO:root:[health]
INFO:root:[percent]
INFO:root:[news]
INFO:root:[happened]
INFO:root:[transcript]
INFO:root:=========  done!  ============
INFO:root:Naive Bayes Classifier
