INFO:root:Stop Words Filter
INFO:root:Feature selection
INFO:root:get_selected_features: ENTER
INFO:root:get_selected_features: Got common data
INFO:root:get_mutual_info: ENTER with label 0
INFO:root:=========  AUTHOR  ============
INFO:root:[time]
INFO:root:[book]
INFO:root:[say]
INFO:root:[thought]
INFO:root:[more]
INFO:root:[don]
INFO:root:[over]
INFO:root:[into]
INFO:root:[people]
INFO:root:[thank]
INFO:root:[got]
INFO:root:[work]
INFO:root:[come]
INFO:root:[life]
INFO:root:[sort]
INFO:root:[actually]
INFO:root:[see]
INFO:root:[thanks]
INFO:root:[man]
INFO:root:[author]
INFO:root:[long]
INFO:root:[talk]
INFO:root:[does]
INFO:root:[made]
INFO:root:[years]
INFO:root:[having]
INFO:root:[question]
INFO:root:[tory]
INFO:root:[didn]
INFO:root:[nation]
INFO:root:[day]
INFO:root:[take]
INFO:root:[every]
INFO:root:[interesting]
INFO:root:[started]
INFO:root:[little]
INFO:root:[books]
INFO:root:[should]
INFO:root:[found]
INFO:root:[ever]
INFO:root:[again]
INFO:root:[wanted]
INFO:root:[back]
INFO:root:[real]
INFO:root:[own]
INFO:root:[figure]
INFO:root:[ask]
INFO:root:[used]
INFO:root:[will]
INFO:root:[came]
INFO:root:[even]
INFO:root:[few]
INFO:root:[talking]
INFO:root:[world]
INFO:root:[fact]
INFO:root:[write]
INFO:root:[find]
INFO:root:[anything]
INFO:root:[doesn]
INFO:root:[love]
INFO:root:[couldn]
INFO:root:[probably]
INFO:root:[looked]
INFO:root:[happened]
INFO:root:[pretty]
INFO:root:[through]
INFO:root:[try]
INFO:root:[often]
INFO:root:[wrote]
INFO:root:[turned]
INFO:root:[why]
INFO:root:[n]
INFO:root:[year]
INFO:root:[writing]
INFO:root:[felt]
INFO:root:[feel]
INFO:root:[escape]
INFO:root:[military]
INFO:root:[everybody]
INFO:root:[point]
INFO:root:[quite]
INFO:root:[young]
INFO:root:[course]
INFO:root:[those]
INFO:root:[before]
INFO:root:[too]
INFO:root:[mother]
INFO:root:[best]
INFO:root:[down]
INFO:root:[called]
INFO:root:[white]
INFO:root:[hope]
INFO:root:[given]
INFO:root:[later]
INFO:root:[guess]
INFO:root:[sense]
INFO:root:[doing]
INFO:root:[movie]
INFO:root:[different]
INFO:root:[war]
INFO:root:[happen]
INFO:root:[death]
INFO:root:[seem]
INFO:root:[fall]
INFO:root:[idea]
INFO:root:[put]
INFO:root:[off]
INFO:root:[went]
INFO:root:[play]
INFO:root:[around]
INFO:root:[saw]
INFO:root:[10]
INFO:root:[issue]
INFO:root:[old]
INFO:root:[joined]
INFO:root:[never]
INFO:root:[listening]
INFO:root:[name]
INFO:root:[black]
INFO:root:[body]
INFO:root:[both]
INFO:root:[high]
INFO:root:[while]
INFO:root:[between]
INFO:root:[father]
INFO:root:[place]
INFO:root:[still]
INFO:root:[basically]
INFO:root:[against]
INFO:root:[that]
INFO:root:[playing]
INFO:root:[american]
INFO:root:[term]
INFO:root:[shadow]
INFO:root:[tremendous]
INFO:root:[soon]
INFO:root:[inside]
INFO:root:[lawrence]
INFO:root:[paid]
INFO:root:[aging]
INFO:root:[press]
INFO:root:[similar]
INFO:root:[times]
INFO:root:[knew]
INFO:root:[need]
INFO:root:[call]
INFO:root:[ago]
INFO:root:[absolutely]
INFO:root:[working]
INFO:root:[interest]
INFO:root:[memoir]
INFO:root:[non]
INFO:root:[marriage]
INFO:root:[german]
INFO:root:[society]
INFO:root:[seriously]
INFO:root:[child]
INFO:root:[dad]
INFO:root:[e]
INFO:root:[whatever]
INFO:root:[brought]
INFO:root:[mr]
INFO:root:[give]
INFO:root:[le]
INFO:root:[film]
INFO:root:[s]
INFO:root:[wasn]
INFO:root:[better]
INFO:root:[news]
INFO:root:[trouble]
INFO:root:[keep]
INFO:root:[taken]
INFO:root:[including]
INFO:root:[african]
INFO:root:[yet]
INFO:root:[north]
INFO:root:[mine]
INFO:root:[line]
INFO:root:[become]
INFO:root:[simply]
INFO:root:[run]
INFO:root:[follow]
INFO:root:[am]
INFO:root:[three]
INFO:root:[says]
INFO:root:[look]
INFO:root:[country]
INFO:root:[noticed]
INFO:root:[age]
INFO:root:[gone]
INFO:root:[piece]
INFO:root:[law]
INFO:root:[became]
INFO:root:[interested]
INFO:root:[mm]
INFO:root:[hmm]
INFO:root:[along]
INFO:root:[british]
INFO:root:[washington]
INFO:root:[part]
INFO:root:get_mutual_info: ENTER with label 1
INFO:root:=========  MOVIES  ============
INFO:root:[don]
INFO:root:[people]
INFO:root:[film]
INFO:root:[movie]
INFO:root:[life]
INFO:root:[time]
INFO:root:[actually]
INFO:root:[will]
INFO:root:[times]
INFO:root:[say]
INFO:root:[watch]
INFO:root:[alone]
INFO:root:[didn]
INFO:root:[still]
INFO:root:[director]
INFO:root:[imagine]
INFO:root:[day]
INFO:root:[said]
INFO:root:[more]
INFO:root:[actor]
INFO:root:[wonder]
INFO:root:[too]
INFO:root:[story]
INFO:root:[able]
INFO:root:[tell]
INFO:root:[doing]
INFO:root:[into]
INFO:root:[thanks]
INFO:root:[decided]
INFO:root:[realize]
INFO:root:[happened]
INFO:root:[off]
INFO:root:[through]
INFO:root:[look]
INFO:root:[ever]
INFO:root:[again]
INFO:root:[another]
INFO:root:[why]
INFO:root:[movies]
INFO:root:[worth]
INFO:root:[least]
INFO:root:[amazing]
INFO:root:[happens]
INFO:root:[seems]
INFO:root:[sort]
INFO:root:[stuff]
INFO:root:[saw]
INFO:root:[making]
INFO:root:[see]
INFO:root:[down]
INFO:root:[moment]
INFO:root:[thank]
INFO:root:[happy]
INFO:root:[might]
INFO:root:[big]
INFO:root:[talk]
INFO:root:[made]
INFO:root:[yourself]
INFO:root:[choice]
INFO:root:[frustrated]
INFO:root:[actress]
INFO:root:[former]
INFO:root:[directed]
INFO:root:[monday]
INFO:root:[office]
INFO:root:[opens]
INFO:root:[weekend]
INFO:root:[burning]
INFO:root:[jason]
INFO:root:[starring]
INFO:root:[turns]
INFO:root:[premiere]
INFO:root:[harvey]
INFO:root:[forced]
INFO:root:[choices]
INFO:root:[npr]
INFO:root:[understand]
INFO:root:[talking]
INFO:root:[give]
INFO:root:[le]
INFO:root:[doesn]
INFO:root:[star]
INFO:root:[game]
INFO:root:[media]
INFO:root:[aren]
INFO:root:[fresh]
INFO:root:[extent]
INFO:root:[interviews]
INFO:root:[bet]
INFO:root:[horrible]
INFO:root:[guest]
INFO:root:[emotional]
INFO:root:[tonight]
INFO:root:[comedy]
INFO:root:[low]
INFO:root:[court]
INFO:root:[totally]
INFO:root:[series]
INFO:root:[says]
INFO:root:[try]
INFO:root:[started]
INFO:root:[around]
INFO:root:[part]
INFO:root:[does]
INFO:root:[wanted]
INFO:root:[whether]
INFO:root:[engaged]
INFO:root:[words]
INFO:root:[films]
INFO:root:[difference]
INFO:root:[character]
INFO:root:[california]
INFO:root:[god]
INFO:root:[walking]
INFO:root:[prison]
INFO:root:[cause]
INFO:root:[sing]
INFO:root:[season]
INFO:root:[joining]
INFO:root:[watched]
INFO:root:[front]
INFO:root:[i'd]
INFO:root:[set]
INFO:root:[finally]
INFO:root:[feel]
INFO:root:[course]
INFO:root:[those]
INFO:root:[growing]
INFO:root:[public]
INFO:root:[comes]
INFO:root:[answer]
INFO:root:[experience]
INFO:root:[won]
INFO:root:[dead]
INFO:root:[writer]
INFO:root:[seeing]
INFO:root:[particular]
INFO:root:[men]
INFO:root:[church]
INFO:root:[called]
INFO:root:[stories]
INFO:root:[especially]
INFO:root:[piece]
INFO:root:[room]
INFO:root:[level]
INFO:root:[beautiful]
INFO:root:[rip]
INFO:root:[mm]
INFO:root:[hmm]
INFO:root:[woman]
INFO:root:[across]
INFO:root:[full]
INFO:root:[street]
INFO:root:[little]
INFO:root:[important]
INFO:root:[younger]
INFO:root:[issue]
INFO:root:[starting]
INFO:root:[ways]
INFO:root:[often]
INFO:root:[change]
INFO:root:[hear]
INFO:root:[told]
INFO:root:[may]
INFO:root:[show]
INFO:root:[both]
INFO:root:[scene]
INFO:root:[okay]
INFO:root:[end]
INFO:root:[asked]
INFO:root:[each]
INFO:root:[person]
INFO:root:[certain]
INFO:root:[playing]
INFO:root:[got]
INFO:root:[head]
INFO:root:[knew]
INFO:root:[point]
INFO:root:[together]
INFO:root:[hard]
INFO:root:[young]
INFO:root:[need]
INFO:root:[having]
INFO:root:[question]
INFO:root:[few]
INFO:root:[exactly]
INFO:root:[guess]
INFO:root:[fact]
INFO:root:[find]
INFO:root:[anything]
INFO:root:[s]
INFO:root:[everything]
INFO:root:[man]
INFO:root:[massive]
INFO:root:[amounts]
INFO:root:[promotion]
INFO:root:[photographed]
INFO:root:[davies]
INFO:root:[gross]
INFO:root:[speaking]
INFO:root:get_mutual_info: ENTER with label 2
INFO:root:=========  MUSIC  ============
INFO:root:[song]
INFO:root:[music]
INFO:root:[album]
INFO:root:[don]
INFO:root:[people]
INFO:root:[called]
INFO:root:[love]
INFO:root:[years]
INFO:root:[got]
INFO:root:[made]
INFO:root:[guitar]
INFO:root:[recording]
INFO:root:[put]
INFO:root:[songs]
INFO:root:[four]
INFO:root:[back]
INFO:root:[band]
INFO:root:[came]
INFO:root:[time]
INFO:root:[more]
INFO:root:[everything]
INFO:root:[take]
INFO:root:[three]
INFO:root:[little]
INFO:root:[play]
INFO:root:[talk]
INFO:root:[n]
INFO:root:[never]
INFO:root:[didn]
INFO:root:[course]
INFO:root:[even]
INFO:root:[before]
INFO:root:[remember]
INFO:root:[write]
INFO:root:[released]
INFO:root:[singer]
INFO:root:[went]
INFO:root:[early]
INFO:root:[says]
INFO:root:[house]
INFO:root:[another]
INFO:root:[played]
INFO:root:[sounds]
INFO:root:[come]
INFO:root:[over]
INFO:root:[lyrics]
INFO:root:[player]
INFO:root:[perform]
INFO:root:[together]
INFO:root:[times]
INFO:root:[those]
INFO:root:[home]
INFO:root:[coming]
INFO:root:[down]
INFO:root:[air]
INFO:root:[tune]
INFO:root:[20]
INFO:root:[tell]
INFO:root:[nothing]
INFO:root:[wasn]
INFO:root:[thought]
INFO:root:[hit]
INFO:root:[family]
INFO:root:[into]
INFO:root:[feeling]
INFO:root:[leave]
INFO:root:[actually]
INFO:root:[part]
INFO:root:[why]
INFO:root:[last]
INFO:root:[name]
INFO:root:[hear]
INFO:root:[body]
INFO:root:[scene]
INFO:root:[feel]
INFO:root:[place]
INFO:root:[felt]
INFO:root:[certain]
INFO:root:[coltrane]
INFO:root:[lines]
INFO:root:[label]
INFO:root:[punk]
INFO:root:[sang]
INFO:root:[blues]
INFO:root:[son]
INFO:root:[rock]
INFO:root:[drums]
INFO:root:[hop]
INFO:root:[parts]
INFO:root:[cd]
INFO:root:[bang]
INFO:root:[records]
INFO:root:[say]
INFO:root:[day]
INFO:root:[npr]
INFO:root:[understand]
INFO:root:[best]
INFO:root:[trying]
INFO:root:[exactly]
INFO:root:[absolutely]
INFO:root:[boy]
INFO:root:[ain]
INFO:root:[singing]
INFO:root:[stay]
INFO:root:[open]
INFO:root:[career]
INFO:root:[you'd]
INFO:root:[already]
INFO:root:[musicians]
INFO:root:[pay]
INFO:root:[thank]
INFO:root:[le]
INFO:root:[sense]
INFO:root:[guys]
INFO:root:[listen]
INFO:root:[artist]
INFO:root:[makes]
INFO:root:[perfect]
INFO:root:[takes]
INFO:root:[wonderful]
INFO:root:[jazz]
INFO:root:[every]
INFO:root:[try]
INFO:root:[started]
INFO:root:[around]
INFO:root:[especially]
INFO:root:[amazing]
INFO:root:[sister]
INFO:root:[you]
INFO:root:[room]
INFO:root:[sound]
INFO:root:[myself]
INFO:root:[its]
INFO:root:[learned]
INFO:root:[sit]
INFO:root:[lived]
INFO:root:[stuff]
INFO:root:[case]
INFO:root:[u]
INFO:root:[heard]
INFO:root:[enough]
INFO:root:[still]
INFO:root:[sort]
INFO:root:[away]
INFO:root:[black]
INFO:root:[may]
INFO:root:[mind]
INFO:root:[show]
INFO:root:[themselves]
INFO:root:[lost]
INFO:root:[heart]
INFO:root:[during]
INFO:root:[live]
INFO:root:[see]
INFO:root:[end]
INFO:root:[each]
INFO:root:[year]
INFO:root:[writing]
INFO:root:[happy]
INFO:root:[believe]
INFO:root:[kids]
INFO:root:[playing]
INFO:root:[big]
INFO:root:[tunes]
INFO:root:[narco]
INFO:root:[corridos]
INFO:root:[el]
INFO:root:[komander]
INFO:root:[spend]
INFO:root:[joins]
INFO:root:[earned]
INFO:root:[creating]
INFO:root:[lights]
INFO:root:[institution]
INFO:root:[27]
INFO:root:[wives]
INFO:root:[albums]
INFO:root:[rap]
INFO:root:[solo]
INFO:root:[hi]
INFO:root:[nine]
INFO:root:[kahn]
INFO:root:[arerecord]
INFO:root:[folk]
INFO:root:[storm]
INFO:root:[classical]
INFO:root:[drummer]
INFO:root:[keyboard]
INFO:root:[calypso]
INFO:root:[johnny]
INFO:root:[jam]
INFO:root:[laying]
INFO:root:[add]
INFO:root:[enjoy]
INFO:root:[hip]
INFO:root:[attention]
INFO:root:[tone]
INFO:root:[keeping]
INFO:root:[near]
INFO:root:[grand]
INFO:root:get_mutual_info: ENTER with label 3
INFO:root:=========  INTERVIEW  ============
INFO:root:[said]
INFO:root:[more]
INFO:root:[people]
INFO:root:[certainly]
INFO:root:[country]
INFO:root:[don]
INFO:root:[back]
INFO:root:[over]
INFO:root:[look]
INFO:root:[side]
INFO:root:[place]
INFO:root:[got]
INFO:root:[before]
INFO:root:[group]
INFO:root:[different]
INFO:root:[war]
INFO:root:[didn]
INFO:root:[five]
INFO:root:[help]
INFO:root:[work]
INFO:root:[wanted]
INFO:root:[almost]
INFO:root:[america]
INFO:root:[say]
INFO:root:[states]
INFO:root:[those]
INFO:root:[basically]
INFO:root:[against]
INFO:root:[person]
INFO:root:[down]
INFO:root:[take]
INFO:root:[such]
INFO:root:[time]
INFO:root:[little]
INFO:root:[call]
INFO:root:[trying]
INFO:root:[years]
INFO:root:[life]
INFO:root:[actually]
INFO:root:[s]
INFO:root:[chance]
INFO:root:[aid]
INFO:root:[children]
INFO:root:[family]
INFO:root:[pretty]
INFO:root:[club]
INFO:root:[taking]
INFO:root:[use]
INFO:root:[past]
INFO:root:[buy]
INFO:root:[part]
INFO:root:[until]
INFO:root:[united]
INFO:root:[money]
INFO:root:[interested]
INFO:root:[washington]
INFO:root:[move]
INFO:root:[feel]
INFO:root:[still]
INFO:root:[will]
INFO:root:[came]
INFO:root:[sure]
INFO:root:[heard]
INFO:root:[ways]
INFO:root:[turned]
INFO:root:[night]
INFO:root:[okay]
INFO:root:[lost]
INFO:root:[care]
INFO:root:[love]
INFO:root:[thank]
INFO:root:[asked]
INFO:root:[happy]
INFO:root:[believe]
INFO:root:[kids]
INFO:root:[that]
INFO:root:[talk]
INFO:root:[hard]
INFO:root:[ask]
INFO:root:[into]
INFO:root:[cave]
INFO:root:[reverse]
INFO:root:[seats]
INFO:root:[fault]
INFO:root:[europe]
INFO:root:[provide]
INFO:root:[showed]
INFO:root:[local]
INFO:root:[typical]
INFO:root:[brazil]
INFO:root:[sold]
INFO:root:[mothers]
INFO:root:[greater]
INFO:root:[cash]
INFO:root:[hotel]
INFO:root:[gonna]
INFO:root:[driving]
INFO:root:[finger]
INFO:root:[driver]
INFO:root:[strike]
INFO:root:[bush]
INFO:root:[administration]
INFO:root:[industry]
INFO:root:[enforcement]
INFO:root:[mother]
INFO:root:[story]
INFO:root:[exactly]
INFO:root:[coming]
INFO:root:[ago]
INFO:root:[absolutely]
INFO:root:[guess]
INFO:root:[remember]
INFO:root:[world]
INFO:root:[give]
INFO:root:[fact]
INFO:root:[nothing]
INFO:root:[everything]
INFO:root:[wasn]
INFO:root:[every]
INFO:root:[lots]
INFO:root:[terry]
INFO:root:[dinner]
INFO:root:[center]
INFO:root:[human]
INFO:root:[word]
INFO:root:[edge]
INFO:root:[light]
INFO:root:[average]
INFO:root:[complaining]
INFO:root:[honest]
INFO:root:[england]
INFO:root:[third]
INFO:root:[clip]
INFO:root:[helped]
INFO:root:[picture]
INFO:root:[english]
INFO:root:[describe]
INFO:root:[invited]
INFO:root:[opposed]
INFO:root:[afghanistan]
INFO:root:[setting]
INFO:root:[government]
INFO:root:[political]
INFO:root:[through]
INFO:root:[around]
INFO:root:[ever]
INFO:root:[does]
INFO:root:[never]
INFO:root:[free]
INFO:root:[security]
INFO:root:[months]
INFO:root:[alive]
INFO:root:[shot]
INFO:root:[above]
INFO:root:[far]
INFO:root:[relationship]
INFO:root:[difficult]
INFO:root:[role]
INFO:root:[germany]
INFO:root:[mexican]
INFO:root:[dollar]
INFO:root:[itself]
INFO:root:[d]
INFO:root:[special]
INFO:root:[effects]
INFO:root:[anybody]
INFO:root:[fighting]
INFO:root:[national]
INFO:root:[paul]
INFO:root:[finally]
INFO:root:[course]
INFO:root:[even]
INFO:root:[see]
INFO:root:[supposed]
INFO:root:[better]
INFO:root:[women]
INFO:root:[speak]
INFO:root:[changed]
INFO:root:[less]
INFO:root:[watching]
INFO:root:[break]
INFO:root:[north]
INFO:root:[become]
INFO:root:[either]
INFO:root:[south]
INFO:root:[friends]
INFO:root:[americans]
INFO:root:[late]
INFO:root:[seeing]
INFO:root:[am]
INFO:root:[problem]
INFO:root:[men]
INFO:root:[day]
INFO:root:[sister]
INFO:root:[law]
INFO:root:[woman]
INFO:root:[gave]
INFO:root:[perhaps]
INFO:root:[written]
INFO:root:[british]
INFO:root:=========  done!  ============
INFO:root:Naive Bayes Classifier
