INFO:root:Stop Words Filter
INFO:root:Feature selection
INFO:root:get_selected_features: ENTER
INFO:root:get_selected_features: Got common data
INFO:root:get_mutual_info: ENTER with label 0
INFO:root:=========  AUTHOR  ============
INFO:root:[book]
INFO:root:[people]
INFO:root:[say]
INFO:root:[more]
INFO:root:[time]
INFO:root:[write]
INFO:root:[into]
INFO:root:[read]
INFO:root:[author]
INFO:root:[story]
INFO:root:[novel]
INFO:root:[years]
INFO:root:[talk]
INFO:root:[actually]
INFO:root:[life]
INFO:root:[sort]
INFO:root:[books]
INFO:root:[world]
INFO:root:[don]
INFO:root:[those]
INFO:root:[back]
INFO:root:[thanks]
INFO:root:[call]
INFO:root:[even]
INFO:root:[writing]
INFO:root:[said]
INFO:root:[thank]
INFO:root:[fact]
INFO:root:[point]
INFO:root:[didn]
INFO:root:[see]
INFO:root:[through]
INFO:root:[war]
INFO:root:[called]
INFO:root:[little]
INFO:root:[question]
INFO:root:[interesting]
INFO:root:[why]
INFO:root:[over]
INFO:root:[stories]
INFO:root:[might]
INFO:root:[will]
INFO:root:[reading]
INFO:root:[course]
INFO:root:[does]
INFO:root:[talking]
INFO:root:[take]
INFO:root:[thought]
INFO:root:[tell]
INFO:root:[hi]
INFO:root:[tory]
INFO:root:[another]
INFO:root:[find]
INFO:root:[sense]
INFO:root:[part]
INFO:root:[nation]
INFO:root:[around]
INFO:root:[american]
INFO:root:[happened]
INFO:root:[went]
INFO:root:[different]
INFO:root:[came]
INFO:root:[own]
INFO:root:[family]
INFO:root:[wanted]
INFO:root:[neal]
INFO:root:[absolutely]
INFO:root:[never]
INFO:root:[times]
INFO:root:[writer]
INFO:root:[children]
INFO:root:[found]
INFO:root:[look]
INFO:root:[album]
INFO:root:[sure]
INFO:root:[end]
INFO:root:[today]
INFO:root:[place]
INFO:root:[idea]
INFO:root:[certainly]
INFO:root:[between]
INFO:root:[person]
INFO:root:[america]
INFO:root:[before]
INFO:root:[example]
INFO:root:[day]
INFO:root:[made]
INFO:root:[quite]
INFO:root:[case]
INFO:root:[too]
INFO:root:[down]
INFO:root:[come]
INFO:root:[body]
INFO:root:[often]
INFO:root:[exactly]
INFO:root:[give]
INFO:root:[song]
INFO:root:[having]
INFO:root:[off]
INFO:root:[states]
INFO:root:[got]
INFO:root:[music]
INFO:root:[still]
INFO:root:[989]
INFO:root:[8255]
INFO:root:[every]
INFO:root:[should]
INFO:root:[work]
INFO:root:[women]
INFO:root:[important]
INFO:root:[again]
INFO:root:[describe]
INFO:root:[ways]
INFO:root:[n]
INFO:root:[lives]
INFO:root:[its]
INFO:root:[use]
INFO:root:[fiction]
INFO:root:[united]
INFO:root:[email]
INFO:root:[probably]
INFO:root:[old]
INFO:root:[800]
INFO:root:[against]
INFO:root:[long]
INFO:root:[man]
INFO:root:[npr]
INFO:root:[film]
INFO:root:[wasn]
INFO:root:[hmm]
INFO:root:[mother]
INFO:root:[basically]
INFO:root:[young]
INFO:root:[written]
INFO:root:[number]
INFO:root:[ask]
INFO:root:[s]
INFO:root:[novels]
INFO:root:[became]
INFO:root:[put]
INFO:root:[woman]
INFO:root:[used]
INFO:root:[able]
INFO:root:[memoir]
INFO:root:[men]
INFO:root:[during]
INFO:root:[almost]
INFO:root:[news]
INFO:root:[father]
INFO:root:[anything]
INFO:root:[problem]
INFO:root:[year]
INFO:root:[though]
INFO:root:[le]
INFO:root:[doesn]
INFO:root:[experience]
INFO:root:[become]
INFO:root:[military]
INFO:root:[later]
INFO:root:[short]
INFO:root:[pretty]
INFO:root:[ahead]
INFO:root:[both]
INFO:root:[air]
INFO:root:[says]
INFO:root:[trying]
INFO:root:[published]
INFO:root:[human]
INFO:root:[talk@npr]
INFO:root:[century]
INFO:root:[once]
INFO:root:[taking]
INFO:root:[better]
INFO:root:[science]
INFO:root:[few]
INFO:root:[system]
INFO:root:[country]
INFO:root:[thinking]
INFO:root:[e]
INFO:root:[songs]
INFO:root:[death]
INFO:root:[research]
INFO:root:[ever]
INFO:root:[saying]
INFO:root:[three]
INFO:root:[doing]
INFO:root:[org]
INFO:root:[may]
INFO:root:[last]
INFO:root:[information]
INFO:root:[yet]
INFO:root:[looking]
INFO:root:[left]
INFO:root:[hard]
INFO:root:[calling]
INFO:root:[lived]
INFO:root:[city]
INFO:root:[need]
INFO:root:[child]
INFO:root:[second]
INFO:root:[middle]
INFO:root:[next]
INFO:root:[least]
INFO:root:[less]
INFO:root:[ago]
INFO:root:[knew]
INFO:root:[such]
INFO:root:[away]
INFO:root:[readers]
INFO:root:[particularly]
INFO:root:[reason]
INFO:root:[feel]
INFO:root:[try]
INFO:root:[early]
INFO:root:[questions]
INFO:root:[real]
INFO:root:[writers]
INFO:root:[big]
INFO:root:[told]
INFO:root:[understand]
INFO:root:[wrote]
INFO:root:[washington]
INFO:root:[living]
INFO:root:[americans]
INFO:root:[york]
INFO:root:[whether]
INFO:root:[food]
INFO:root:[word]
INFO:root:[that]
INFO:root:[themselves]
INFO:root:[perhaps]
INFO:root:[society]
INFO:root:[age]
INFO:root:[seems]
INFO:root:[rather]
INFO:root:[difficult]
INFO:root:[start]
INFO:root:[chapter]
INFO:root:[secret]
INFO:root:[bad]
INFO:root:[everything]
INFO:root:[happen]
INFO:root:[until]
INFO:root:[felt]
INFO:root:[mm]
INFO:root:[started]
INFO:root:[help]
INFO:root:[enough]
INFO:root:[state]
INFO:root:[parents]
INFO:root:[eventually]
INFO:root:[believe]
INFO:root:[isn]
INFO:root:[else]
INFO:root:[president]
INFO:root:[began]
INFO:root:[large]
INFO:root:[am]
INFO:root:[mind]
INFO:root:[himself]
INFO:root:[husband]
INFO:root:[couple]
INFO:root:[best]
INFO:root:[words]
INFO:root:[relationship]
INFO:root:[public]
INFO:root:[school]
INFO:root:[keep]
INFO:root:[mail]
INFO:root:[okay]
INFO:root:[language]
INFO:root:[deal]
INFO:root:[conan]
INFO:root:[reader]
INFO:root:[among]
INFO:root:[home]
INFO:root:[change]
INFO:root:[live]
INFO:root:[involved]
INFO:root:[we'll]
INFO:root:[wife]
INFO:root:[fascinating]
INFO:root:[moment]
INFO:root:[places]
INFO:root:[under]
INFO:root:[across]
INFO:root:[simply]
INFO:root:[novelist]
INFO:root:[power]
INFO:root:[remember]
INFO:root:[literature]
INFO:root:[in]
INFO:root:[government]
INFO:root:[money]
INFO:root:[begin]
INFO:root:[kids]
INFO:root:[essentially]
INFO:root:[wrong]
INFO:root:[certain]
INFO:root:[house]
INFO:root:[fresh]
INFO:root:[turned]
INFO:root:[terrible]
INFO:root:[kinds]
INFO:root:[comes]
INFO:root:[reasons]
INFO:root:[general]
INFO:root:[couldn]
INFO:root:[comp]
INFO:root:[band]
INFO:root:[far]
INFO:root:[view]
INFO:root:[indeed]
INFO:root:[although]
INFO:root:[makes]
INFO:root:[spent]
INFO:root:[tried]
INFO:root:[each]
INFO:root:[everybody]
INFO:root:[figure]
INFO:root:[while]
INFO:root:[job]
INFO:root:[looked]
INFO:root:[mentioned]
INFO:root:[died]
INFO:root:[authors]
INFO:root:[named]
INFO:root:[name]
INFO:root:[wonderful]
INFO:root:[friends]
INFO:root:[goes]
INFO:root:[care]
INFO:root:[high]
INFO:root:[others]
INFO:root:[guest]
INFO:root:[iraq]
INFO:root:[obviously]
INFO:root:[half]
INFO:root:[white]
INFO:root:[explain]
INFO:root:[u]
INFO:root:[happens]
INFO:root:[answer]
INFO:root:[small]
INFO:root:[common]
INFO:root:[you'd]
INFO:root:[difference]
INFO:root:[possible]
INFO:root:[black]
INFO:root:[period]
INFO:root:[asked]
INFO:root:[seemed]
INFO:root:[guess]
INFO:root:[set]
INFO:root:[given]
INFO:root:[taken]
INFO:root:[brain]
INFO:root:[army]
INFO:root:[cases]
INFO:root:[conversation]
INFO:root:[culture]
INFO:root:[killed]
INFO:root:[saw]
INFO:root:[self]
INFO:root:[particular]
INFO:root:[social]
INFO:root:[break]
INFO:root:[writes]
INFO:root:[seen]
INFO:root:[lost]
INFO:root:[university]
INFO:root:[join]
INFO:root:[gets]
INFO:root:[characters]
INFO:root:[side]
INFO:root:[control]
INFO:root:[afghanistan]
INFO:root:[crime]
INFO:root:[very]
INFO:root:[literary]
INFO:root:[since]
INFO:root:[either]
INFO:root:[passage]
INFO:root:[terms]
INFO:root:[problems]
INFO:root:[college]
INFO:root:[myself]
INFO:root:[talked]
INFO:root:[realized]
INFO:root:[changed]
INFO:root:[subject]
INFO:root:[line]
INFO:root:[court]
INFO:root:[days]
INFO:root:[speaking]
INFO:root:[itself]
INFO:root:[nothing]
INFO:root:[son]
INFO:root:[learn]
INFO:root:[learned]
INFO:root:[modern]
INFO:root:[means]
INFO:root:[decided]
INFO:root:[married]
INFO:root:[medical]
INFO:root:[joining]
INFO:root:[quote]
INFO:root:[several]
INFO:root:[hand]
INFO:root:[english]
INFO:root:[i'd]
INFO:root:[love]
INFO:root:[health]
INFO:root:[scientists]
INFO:root:[page]
INFO:root:[doctor]
INFO:root:[gave]
INFO:root:[law]
INFO:root:[interested]
INFO:root:[beginning]
INFO:root:[editor]
INFO:root:[eat]
INFO:root:[behind]
INFO:root:[instead]
INFO:root:[ters]
INFO:root:[five]
INFO:root:[phone]
INFO:root:[wonder]
INFO:root:[political]
INFO:root:[coming]
INFO:root:[water]
INFO:root:[clear]
INFO:root:[works]
INFO:root:[order]
INFO:root:[pages]
INFO:root:[run]
INFO:root:[singer]
INFO:root:[ely]
INFO:root:[past]
INFO:root:[office]
INFO:root:[10]
INFO:root:[weren]
INFO:root:[']
INFO:root:[hope]
INFO:root:[using]
INFO:root:[marriage]
INFO:root:[series]
INFO:root:[evidence]
INFO:root:[various]
INFO:root:[especially]
INFO:root:[making]
INFO:root:[families]
INFO:root:[stay]
INFO:root:[form]
INFO:root:[worked]
INFO:root:[south]
INFO:root:[singing]
INFO:root:[disease]
INFO:root:[nobody]
INFO:root:[realize]
INFO:root:[british]
INFO:root:[huge]
INFO:root:[religion]
INFO:root:[growing]
INFO:root:[security]
INFO:root:[9/11]
INFO:root:[doctors]
INFO:root:[decision]
INFO:root:[east]
INFO:root:[daughter]
INFO:root:[earlier]
INFO:root:[poem]
INFO:root:[fbi]
INFO:root:[appreciate]
INFO:root:[terry]
INFO:root:[countries]
INFO:root:[seem]
INFO:root:[leave]
INFO:root:[turn]
INFO:root:[class]
INFO:root:[gotten]
INFO:root:[california]
INFO:root:[dead]
INFO:root:[future]
INFO:root:[caller]
INFO:root:[ended]
INFO:root:[correct]
INFO:root:[yourself]
INFO:root:[close]
INFO:root:[matter]
INFO:root:[considered]
INFO:root:[along]
INFO:root:[nature]
INFO:root:[paperback]
INFO:root:[wondering]
INFO:root:[discovered]
INFO:root:[telling]
INFO:root:[movie]
INFO:root:[m]
INFO:root:[sing]
INFO:root:get_mutual_info: ENTER with label 1
INFO:root:=========  MOVIES  ============
INFO:root:[film]
INFO:root:[movie]
INFO:root:[character]
INFO:root:[scene]
INFO:root:[films]
INFO:root:[actor]
INFO:root:[director]
INFO:root:[movies]
INFO:root:[don]
INFO:root:[directed]
INFO:root:[documentary]
INFO:root:[actors]
INFO:root:[see]
INFO:root:[funny]
INFO:root:[script]
INFO:root:[acting]
INFO:root:[role]
INFO:root:[comedy]
INFO:root:[people]
INFO:root:[scenes]
INFO:root:[played]
INFO:root:[got]
INFO:root:[characters]
INFO:root:[time]
INFO:root:[clip]
INFO:root:[didn]
INFO:root:[plays]
INFO:root:[oscar]
INFO:root:[play]
INFO:root:[doing]
INFO:root:[real]
INFO:root:[story]
INFO:root:[life]
INFO:root:[watch]
INFO:root:[actually]
INFO:root:[shot]
INFO:root:[into]
INFO:root:[made]
INFO:root:[man]
INFO:root:[camera]
INFO:root:[starring]
INFO:root:[stars]
INFO:root:[filmmaker]
INFO:root:[show]
INFO:root:[shoot]
INFO:root:[watching]
INFO:root:[work]
INFO:root:[why]
INFO:root:[guest]
INFO:root:[shooting]
INFO:root:[thought]
INFO:root:[wanted]
INFO:root:[never]
INFO:root:[roles]
INFO:root:[say]
INFO:root:[hollywood]
INFO:root:[actress]
INFO:root:[off]
INFO:root:[seen]
INFO:root:[talking]
INFO:root:[little]
INFO:root:[filming]
INFO:root:[back]
INFO:root:[theater]
INFO:root:[making]
INFO:root:[said]
INFO:root:[book]
INFO:root:[album]
INFO:root:[sort]
INFO:root:[air]
INFO:root:[look]
INFO:root:[fresh]
INFO:root:[star]
INFO:root:[theaters]
INFO:root:[part]
INFO:root:[saw]
INFO:root:[more]
INFO:root:[mm]
INFO:root:[young]
INFO:root:[feel]
INFO:root:[cast]
INFO:root:[directing]
INFO:root:[hmm]
INFO:root:[ever]
INFO:root:[guys]
INFO:root:[those]
INFO:root:[talk]
INFO:root:[love]
INFO:root:[come]
INFO:root:[moment]
INFO:root:[tell]
INFO:root:[working]
INFO:root:[times]
INFO:root:[even]
INFO:root:[nominated]
INFO:root:[tv]
INFO:root:[trying]
INFO:root:[wasn]
INFO:root:[song]
INFO:root:[big]
INFO:root:[day]
INFO:root:[point]
INFO:root:[school]
INFO:root:[knew]
INFO:root:[audience]
INFO:root:[anything]
INFO:root:[before]
INFO:root:[take]
INFO:root:[watched]
INFO:root:[n]
INFO:root:[body]
INFO:root:[directors]
INFO:root:[filmmakers]
INFO:root:[cinema]
INFO:root:[best]
INFO:root:[laugh]
INFO:root:[co]
INFO:root:[dialogue]
INFO:root:[opens]
INFO:root:[face]
INFO:root:[fun]
INFO:root:[screenplay]
INFO:root:[says]
INFO:root:[remember]
INFO:root:[yourself]
INFO:root:[am]
INFO:root:[away]
INFO:root:[too]
INFO:root:[mother]
INFO:root:[through]
INFO:root:[sure]
INFO:root:[set]
INFO:root:[festival]
INFO:root:[performance]
INFO:root:[both]
INFO:root:[will]
INFO:root:[end]
INFO:root:[having]
INFO:root:[every]
INFO:root:[went]
INFO:root:[person]
INFO:root:[academy]
INFO:root:[woman]
INFO:root:[kids]
INFO:root:[career]
INFO:root:[wants]
INFO:root:[hoffman]
INFO:root:[men]
INFO:root:[everything]
INFO:root:[father]
INFO:root:[seth]
INFO:root:[interesting]
INFO:root:[michael]
INFO:root:[kid]
INFO:root:[family]
INFO:root:[music]
INFO:root:[screen]
INFO:root:[won]
INFO:root:[break]
INFO:root:[felt]
INFO:root:[award]
INFO:root:[le]
INFO:root:[borat]
INFO:root:[casting]
INFO:root:[told]
INFO:root:[drama]
INFO:root:[such]
INFO:root:[i'll]
INFO:root:[god]
INFO:root:[amazing]
INFO:root:[nothing]
INFO:root:[screenwriter]
INFO:root:[stuff]
INFO:root:[idea]
INFO:root:[picture]
INFO:root:[footage]
INFO:root:[worked]
INFO:root:[job]
INFO:root:[seeing]
INFO:root:[oscars]
INFO:root:[each]
INFO:root:[pretty]
INFO:root:[over]
INFO:root:[songs]
INFO:root:[met]
INFO:root:[starred]
INFO:root:[girl]
INFO:root:[year]
INFO:root:[again]
INFO:root:[roger]
INFO:root:[crew]
INFO:root:[find]
INFO:root:[started]
INFO:root:[around]
INFO:root:[obviously]
INFO:root:[does]
INFO:root:[probably]
INFO:root:[doesn]
INFO:root:[cd]
INFO:root:[production]
INFO:root:[robert]
INFO:root:[quentin]
INFO:root:[allen]
INFO:root:[dad]
INFO:root:[saying]
INFO:root:[tarantino]
INFO:root:[room]
INFO:root:[record]
INFO:root:[different]
INFO:root:[loved]
INFO:root:[producer]
INFO:root:[goes]
INFO:root:[author]
INFO:root:[understand]
INFO:root:[animated]
INFO:root:[years]
INFO:root:[television]
INFO:root:[woody]
INFO:root:[boy]
INFO:root:[hard]
INFO:root:[youre]
INFO:root:[mom]
INFO:root:[high]
INFO:root:[exactly]
INFO:root:[ben]
INFO:root:[affleck]
INFO:root:[three]
INFO:root:[course]
INFO:root:[i'd]
INFO:root:[hurt]
INFO:root:[filmed]
INFO:root:[audition]
INFO:root:[effects]
INFO:root:[mike]
INFO:root:[small]
INFO:root:[meet]
INFO:root:[ebert]
INFO:root:[himself]
INFO:root:[head]
INFO:root:[world]
INFO:root:[ethan]
INFO:root:[hair]
INFO:root:[myself]
INFO:root:[guess]
INFO:root:[quite]
INFO:root:[jokes]
INFO:root:[welcome]
INFO:root:[gets]
INFO:root:[disney]
INFO:root:[girlfriend]
INFO:root:[john]
INFO:root:[shows]
INFO:root:[came]
INFO:root:[documentaries]
INFO:root:[old]
INFO:root:[emotional]
INFO:root:[own]
INFO:root:[art]
INFO:root:[put]
INFO:root:[joke]
INFO:root:[together]
INFO:root:[looks]
INFO:root:[feature]
INFO:root:[cannes]
INFO:root:[crazy]
INFO:root:[12]
INFO:root:[fan]
INFO:root:[nice]
INFO:root:[takes]
INFO:root:[seymour]
INFO:root:[filmmaking]
INFO:root:[comic]
INFO:root:[thinking]
INFO:root:[sequence]
INFO:root:[weird]
INFO:root:[dont]
INFO:root:[very]
INFO:root:[friends]
INFO:root:[okay]
INFO:root:[']
INFO:root:[interview]
INFO:root:[mr]
INFO:root:[cut]
INFO:root:[sex]
INFO:root:[no]
INFO:root:[night]
INFO:root:[sacha]
INFO:root:[brando]
INFO:root:[franco]
INFO:root:[voice]
INFO:root:[favorite]
INFO:root:[start]
INFO:root:[series]
INFO:root:[rogen]
INFO:root:[name]
INFO:root:[famous]
INFO:root:[looking]
INFO:root:[act]
INFO:root:[duvall]
INFO:root:[york]
INFO:root:[romantic]
INFO:root:[whatever]
INFO:root:[cameras]
INFO:root:[bad]
INFO:root:[experience]
INFO:root:[between]
INFO:root:[sundance]
INFO:root:[short]
INFO:root:[listen]
INFO:root:[joining]
INFO:root:[while]
INFO:root:[sorry]
INFO:root:[we'll]
INFO:root:[anderson]
INFO:root:[comedies]
INFO:root:[direct]
INFO:root:[pitt]
INFO:root:[westerns]
INFO:root:[action]
INFO:root:[moments]
INFO:root:[terry]
INFO:root:[makeup]
INFO:root:[bruno]
INFO:root:[baron]
INFO:root:[incredible]
INFO:root:[hell]
INFO:root:[judd]
INFO:root:[hours]
INFO:root:[comes]
INFO:root:[down]
INFO:root:[toys]
INFO:root:[friend]
INFO:root:[band]
INFO:root:[kill]
INFO:root:[nick]
INFO:root:[screening]
INFO:root:[obama]
INFO:root:[still]
INFO:root:[george]
INFO:root:[playing]
INFO:root:[next]
INFO:root:[couldn]
INFO:root:[cooper]
INFO:root:[everybody]
INFO:root:[patton]
INFO:root:[long]
INFO:root:[pictures]
INFO:root:[james]
INFO:root:[thank]
INFO:root:[gross]
INFO:root:[wife]
INFO:root:[basically]
INFO:root:[couple]
INFO:root:[jason]
INFO:root:[motion]
INFO:root:[brad]
INFO:root:[niro]
INFO:root:[screenings]
INFO:root:[apatow]
INFO:root:[give]
INFO:root:[certain]
INFO:root:[should]
INFO:root:[happens]
INFO:root:[animation]
INFO:root:[gave]
INFO:root:[guests]
INFO:root:[relationship]
INFO:root:[thriller]
INFO:root:[brother]
INFO:root:[meryl]
INFO:root:[horse]
INFO:root:[viewer]
INFO:root:[half]
INFO:root:[tom]
INFO:root:[lines]
INFO:root:[older]
INFO:root:[shakespeare]
INFO:root:[another]
INFO:root:[voiceover]
INFO:root:[humor]
INFO:root:[mark]
INFO:root:[cohen]
INFO:root:[budget]
INFO:root:[asked]
INFO:root:[chris]
INFO:root:[streep]
INFO:root:[wow]
INFO:root:[almost]
INFO:root:[process]
INFO:root:[ryan]
INFO:root:[weekend]
INFO:root:[you'll]
INFO:root:[human]
INFO:root:[ask]
INFO:root:[car]
INFO:root:[coming]
INFO:root:[wrote]
INFO:root:[special]
INFO:root:[makes]
INFO:root:[grit]
INFO:root:[horses]
INFO:root:[honestly]
INFO:root:[dustin]
INFO:root:[tough]
INFO:root:[women]
INFO:root:[sense]
INFO:root:[larry]
INFO:root:[parents]
INFO:root:[scorsese]
INFO:root:[becomes]
INFO:root:[musicians]
INFO:root:[beginning]
INFO:root:[comedian]
INFO:root:[ralph]
INFO:root:[kong]
INFO:root:[team]
INFO:root:[serious]
INFO:root:[jon]
INFO:root:[coen]
INFO:root:[huh]
INFO:root:[adult]
INFO:root:[ruffalo]
INFO:root:[wait]
INFO:root:[sandler]
INFO:root:[paul]
INFO:root:[trailer]
INFO:root:[lee]
INFO:root:[firth]
INFO:root:[didnt]
INFO:root:[basterds]
INFO:root:[superbad]
INFO:root:[violence]
INFO:root:[stunt]
INFO:root:[steven]
INFO:root:[horror]
INFO:root:[believe]
INFO:root:[living]
INFO:root:[wonderful]
INFO:root:[everyone]
INFO:root:[happened]
INFO:root:[fiennes]
INFO:root:[try]
INFO:root:[writer]
INFO:root:[steve]
INFO:root:[close]
INFO:root:[please]
INFO:root:[main]
INFO:root:[agent]
INFO:root:[leave]
INFO:root:[spielberg]
INFO:root:[wondering]
INFO:root:[situation]
INFO:root:[avatar]
INFO:root:[fantastic]
INFO:root:[inglourious]
INFO:root:[dicky]
INFO:root:[siskel]
INFO:root:[toy]
INFO:root:[coppola]
INFO:root:[fake]
INFO:root:[actresses]
INFO:root:[portrayal]
INFO:root:[guitar]
INFO:root:[second]
INFO:root:[wes]
INFO:root:[stupid]
INFO:root:[happy]
INFO:root:[house]
INFO:root:[money]
INFO:root:[looked]
INFO:root:[used]
INFO:root:[stand]
INFO:root:[sir]
INFO:root:[hamm]
INFO:root:[thinks]
INFO:root:[girls]
INFO:root:[isn]
INFO:root:[shots]
INFO:root:[carell]
INFO:root:[shep]
INFO:root:[finished]
INFO:root:[oswalt]
INFO:root:[figure]
INFO:root:[l]
INFO:root:[son]
INFO:root:[speaking]
INFO:root:[scripts]
INFO:root:[spitzer]
INFO:root:[ass]
INFO:root:[accent]
INFO:root:[jazz]
INFO:root:[anyone]
INFO:root:[chaz]
INFO:root:[four]
INFO:root:[ely]
INFO:root:[extras]
INFO:root:[showing]
INFO:root:[truth]
INFO:root:[fox]
INFO:root:[producers]
INFO:root:get_mutual_info: ENTER with label 2
INFO:root:=========  MUSIC  ============
INFO:root:[music]
INFO:root:[song]
INFO:root:[album]
INFO:root:[songs]
INFO:root:[band]
INFO:root:[record]
INFO:root:[play]
INFO:root:[hear]
INFO:root:[singing]
INFO:root:[playing]
INFO:root:[sound]
INFO:root:[sing]
INFO:root:[called]
INFO:root:[love]
INFO:root:[singer]
INFO:root:[cd]
INFO:root:[guitar]
INFO:root:[recording]
INFO:root:[jazz]
INFO:root:[got]
INFO:root:[listen]
INFO:root:[musicians]
INFO:root:[time]
INFO:root:[rock]
INFO:root:[musical]
INFO:root:[recorded]
INFO:root:[records]
INFO:root:[lyrics]
INFO:root:[musician]
INFO:root:[piano]
INFO:root:[little]
INFO:root:[blues]
INFO:root:[don]
INFO:root:[studio]
INFO:root:[heard]
INFO:root:[played]
INFO:root:[voice]
INFO:root:[sounds]
INFO:root:[old]
INFO:root:[together]
INFO:root:[track]
INFO:root:[pop]
INFO:root:[book]
INFO:root:[hop]
INFO:root:[started]
INFO:root:[years]
INFO:root:[bass]
INFO:root:[hip]
INFO:root:[composer]
INFO:root:[back]
INFO:root:[solo]
INFO:root:[instrument]
INFO:root:[wrote]
INFO:root:[listening]
INFO:root:[bands]
INFO:root:[tune]
INFO:root:[down]
INFO:root:[concert]
INFO:root:[sang]
INFO:root:[come]
INFO:root:[classical]
INFO:root:['cause]
INFO:root:[songwriter]
INFO:root:[baby]
INFO:root:[orchestra]
INFO:root:[singers]
INFO:root:[artists]
INFO:root:[soul]
INFO:root:[came]
INFO:root:[albums]
INFO:root:[more]
INFO:root:[player]
INFO:root:[tour]
INFO:root:[instruments]
INFO:root:[melody]
INFO:root:[never]
INFO:root:[night]
INFO:root:[dance]
INFO:root:[recordings]
INFO:root:[artist]
INFO:root:[hit]
INFO:root:[label]
INFO:root:[ain]
INFO:root:[performing]
INFO:root:[feel]
INFO:root:[roll]
INFO:root:[big]
INFO:root:[still]
INFO:root:[guitarist]
INFO:root:[heart]
INFO:root:[different]
INFO:root:[i'll]
INFO:root:[too]
INFO:root:[released]
INFO:root:[ever]
INFO:root:[perform]
INFO:root:[man]
INFO:root:[beautiful]
INFO:root:[name]
INFO:root:[drummer]
INFO:root:[notes]
INFO:root:[say]
INFO:root:[fans]
INFO:root:[piece]
INFO:root:[thank]
INFO:root:[pianist]
INFO:root:[around]
INFO:root:[gonna]
INFO:root:[gospel]
INFO:root:[tell]
INFO:root:[hearing]
INFO:root:[sort]
INFO:root:[folk]
INFO:root:[nprmusic]
INFO:root:[style]
INFO:root:[before]
INFO:root:[rhythm]
INFO:root:[stuff]
INFO:root:[opera]
INFO:root:[sung]
INFO:root:[symphony]
INFO:root:[wanted]
INFO:root:[long]
INFO:root:[into]
INFO:root:[coming]
INFO:root:[producer]
INFO:root:[didn]
INFO:root:[says]
INFO:root:[doing]
INFO:root:[radio]
INFO:root:[people]
INFO:root:[inspired]
INFO:root:[touring]
INFO:root:[girl]
INFO:root:[live]
INFO:root:[tunes]
INFO:root:[sings]
INFO:root:[put]
INFO:root:[cool]
INFO:root:[rap]
INFO:root:[made]
INFO:root:[said]
INFO:root:[i'd]
INFO:root:[version]
INFO:root:[through]
INFO:root:[vocal]
INFO:root:[blue]
INFO:root:[tracks]
INFO:root:[every]
INFO:root:[drums]
INFO:root:[home]
INFO:root:[audience]
INFO:root:[everything]
INFO:root:[debut]
INFO:root:[another]
INFO:root:[own]
INFO:root:[r&b]
INFO:root:[n]
INFO:root:[grammy]
INFO:root:[performed]
INFO:root:[guess]
INFO:root:[lyric]
INFO:root:[fun]
INFO:root:[life]
INFO:root:[take]
INFO:root:[string]
INFO:root:[tribute]
INFO:root:[studios]
INFO:root:[day]
INFO:root:[remember]
INFO:root:[drum]
INFO:root:[violin]
INFO:root:[times]
INFO:root:[songwriting]
INFO:root:[over]
INFO:root:[hey]
INFO:root:[while]
INFO:root:[career]
INFO:root:[la]
INFO:root:[used]
INFO:root:[show]
INFO:root:[feeling]
INFO:root:[title]
INFO:root:[beatles]
INFO:root:[away]
INFO:root:[hits]
INFO:root:[actually]
INFO:root:[composers]
INFO:root:[myself]
INFO:root:[write]
INFO:root:[pretty]
INFO:root:[harmony]
INFO:root:[guitars]
INFO:root:[even]
INFO:root:[comes]
INFO:root:[three]
INFO:root:[roots]
INFO:root:[grew]
INFO:root:[latest]
INFO:root:[guys]
INFO:root:[stage]
INFO:root:[original]
INFO:root:[late]
INFO:root:[johnny]
INFO:root:[born]
INFO:root:[beat]
INFO:root:[york]
INFO:root:[musically]
INFO:root:[punk]
INFO:root:[melodies]
INFO:root:[elvis]
INFO:root:[group]
INFO:root:[start]
INFO:root:[bach]
INFO:root:[concerts]
INFO:root:[early]
INFO:root:[definitely]
INFO:root:[produced]
INFO:root:[words]
INFO:root:[see]
INFO:root:[vocals]
INFO:root:[try]
INFO:root:[dylan]
INFO:root:[mind]
INFO:root:[went]
INFO:root:[strings]
INFO:root:[traditional]
INFO:root:[npr]
INFO:root:[since]
INFO:root:[le]
INFO:root:[behind]
INFO:root:[world]
INFO:root:[orleans]
INFO:root:[favorite]
INFO:root:[note]
INFO:root:[chorus]
INFO:root:[nashville]
INFO:root:[last]
INFO:root:[influences]
INFO:root:[almost]
INFO:root:[listened]
INFO:root:[written]
INFO:root:[four]
INFO:root:[banjo]
INFO:root:[novel]
INFO:root:[sun]
INFO:root:[few]
INFO:root:[thought]
INFO:root:[wow]
INFO:root:[wanna]
INFO:root:[chords]
INFO:root:[those]
INFO:root:[president]
INFO:root:[young]
INFO:root:[room]
INFO:root:[performance]
INFO:root:[five]
INFO:root:[gig]
INFO:root:[part]
INFO:root:[voices]
INFO:root:[club]
INFO:root:[ago]
INFO:root:[bob]
INFO:root:[knew]
INFO:root:[bluegrass]
INFO:root:[quartet]
INFO:root:[classic]
INFO:root:[work]
INFO:root:[electronic]
INFO:root:[sweet]
INFO:root:[fan]
INFO:root:[again]
INFO:root:[along]
INFO:root:[acoustic]
INFO:root:[loved]
INFO:root:[writing]
INFO:root:[trumpet]
INFO:root:[conductor]
INFO:root:[chord]
INFO:root:[john]
INFO:root:[hall]
INFO:root:[rapper]
INFO:root:[horn]
INFO:root:[harmonies]
INFO:root:[best]
INFO:root:[ellington]
INFO:root:[met]
INFO:root:[funk]
INFO:root:[government]
INFO:root:[charts]
INFO:root:[everybody]
INFO:root:[brothers]
INFO:root:[days]
INFO:root:[art]
INFO:root:[whatever]
INFO:root:[saxophone]
INFO:root:[tonight]
INFO:root:[hard]
INFO:root:[stones]
INFO:root:[release]
INFO:root:[electric]
INFO:root:[place]
INFO:root:[crazy]
INFO:root:[shows]
INFO:root:[making]
INFO:root:[road]
INFO:root:[soundtrack]
INFO:root:[else]
INFO:root:[off]
INFO:root:[pieces]
INFO:root:[black]
INFO:root:[pleasure]
INFO:root:['n']
INFO:root:[cds]
INFO:root:[sounded]
INFO:root:[amazing]
INFO:root:[songalbum]
INFO:root:[tradition]
INFO:root:[dancing]
INFO:root:[choir]
INFO:root:[trying]
INFO:root:[eyes]
INFO:root:[ooh]
INFO:root:[london]
INFO:root:[collection]
INFO:root:[dream]
INFO:root:[dj]
INFO:root:[billie]
INFO:root:[trio]
INFO:root:[composed]
INFO:root:[town]
INFO:root:[you'll]
INFO:root:[felt]
INFO:root:[happy]
INFO:root:[arrangements]
INFO:root:[thanks]
INFO:root:[rhythms]
INFO:root:[famous]
INFO:root:[rolling]
INFO:root:[head]
INFO:root:[performances]
INFO:root:[kid]
INFO:root:[film]
INFO:root:[yourself]
INFO:root:[jackson]
INFO:root:['60s]
INFO:root:[styles]
INFO:root:[violinist]
INFO:root:[school]
INFO:root:[probably]
INFO:root:[am]
INFO:root:[jimmy]
INFO:root:[instrumental]
INFO:root:[lead]
INFO:root:[cello]
INFO:root:[find]
INFO:root:[line]
INFO:root:[score]
INFO:root:[theme]
INFO:root:[groove]
INFO:root:[mix]
INFO:root:[nice]
INFO:root:[songwriters]
INFO:root:[brown]
INFO:root:[brother]
INFO:root:[performers]
INFO:root:[south]
INFO:root:[swing]
INFO:root:[motown]
INFO:root:[verse]
INFO:root:[composition]
INFO:root:[fingers]
INFO:root:[joins]
INFO:root:[age]
INFO:root:[percussion]
INFO:root:[latin]
INFO:root:[session]
INFO:root:[arrangement]
INFO:root:[hendrix]
INFO:root:[movie]
INFO:root:[high]
INFO:root:[simon]
INFO:root:[moon]
INFO:root:[beats]
INFO:root:[gone]
INFO:root:[repertoire]
INFO:root:[keep]
INFO:root:[will]
INFO:root:[keyboard]
INFO:root:[each]
INFO:root:[having]
INFO:root:[boy]
INFO:root:[mine]
INFO:root:[influenced]
INFO:root:[honey]
INFO:root:[mama]
INFO:root:[otis]
INFO:root:[horns]
INFO:root:[influence]
INFO:root:[church]
INFO:root:[collaboration]
INFO:root:[williams]
INFO:root:[performer]
INFO:root:[alone]
INFO:root:[feels]
INFO:root:[dreams]
INFO:root:[armstrong]
INFO:root:[federal]
INFO:root:[author]
INFO:root:[why]
INFO:root:[compositions]
INFO:root:[video]
INFO:root:[died]
INFO:root:[duke]
INFO:root:[inspiration]
INFO:root:[morning]
INFO:root:[wasn]
INFO:root:[living]
INFO:root:[lord]
INFO:root:[today]
INFO:root:[give]
INFO:root:[military]
INFO:root:[cry]
INFO:root:[brought]
INFO:root:[year]
INFO:root:[thinking]
INFO:root:[yeah]
INFO:root:[reggae]
INFO:root:[org]
INFO:root:[light]
INFO:root:[joy]
INFO:root:[makes]
INFO:root:[talent]
INFO:root:[friend]
INFO:root:[greatest]
INFO:root:[liked]
INFO:root:[demo]
INFO:root:[toured]
INFO:root:[patti]
INFO:root:[such]
INFO:root:[beethoven]
INFO:root:[project]
INFO:root:[rain]
INFO:root:[books]
INFO:root:[became]
INFO:root:[okay]
INFO:root:[next]
INFO:root:[learned]
INFO:root:[sky]
INFO:root:[&]
INFO:root:[lee]
INFO:root:[fame]
INFO:root:[full]
INFO:root:[vocalist]
INFO:root:[popular]
INFO:root:[duo]
INFO:root:[b]
INFO:root:[contemporary]
INFO:root:[obama]
INFO:root:[republican]
INFO:root:[indie]
INFO:root:[god]
INFO:root:[audiences]
INFO:root:[policy]
INFO:root:[bring]
INFO:root:[dad]
INFO:root:[quite]
INFO:root:[sonic]
INFO:root:[welcome]
INFO:root:[pete]
INFO:root:[ballad]
INFO:root:[joined]
INFO:root:[memp]
INFO:root:[lonely]
INFO:root:[yo]
INFO:root:[darling]
INFO:root:[concerto]
INFO:root:[couldn]
INFO:root:[sounding]
INFO:root:[wonderful]
INFO:root:[jones]
INFO:root:[backup]
INFO:root:[saxophonist]
INFO:root:[friends]
INFO:root:[tenor]
INFO:root:[king]
INFO:root:[anything]
INFO:root:[father]
INFO:root:[plays]
INFO:root:[arranger]
INFO:root:[players]
INFO:root:[moved]
INFO:root:[tape]
INFO:root:[clarinet]
INFO:root:[clubs]
INFO:root:[charlie]
INFO:root:[nothing]
INFO:root:[stone]
INFO:root:[section]
INFO:root:[gotta]
INFO:root:get_mutual_info: ENTER with label 3
INFO:root:=========  INTERVIEW  ============
INFO:root:[people]
INFO:root:[more]
INFO:root:[don]
INFO:root:[say]
INFO:root:[president]
INFO:root:[will]
INFO:root:[said]
INFO:root:[government]
INFO:root:[those]
INFO:root:[time]
INFO:root:[obama]
INFO:root:[why]
INFO:root:[over]
INFO:root:[look]
INFO:root:[see]
INFO:root:[need]
INFO:root:[years]
INFO:root:[american]
INFO:root:[back]
INFO:root:[last]
INFO:root:[should]
INFO:root:[year]
INFO:root:[thank]
INFO:root:[country]
INFO:root:[saying]
INFO:root:[talking]
INFO:root:[into]
INFO:root:[talk]
INFO:root:[take]
INFO:root:[issue]
INFO:root:[does]
INFO:root:[actually]
INFO:root:[come]
INFO:root:[doing]
INFO:root:[fact]
INFO:root:[even]
INFO:root:[got]
INFO:root:[day]
INFO:root:[congress]
INFO:root:[question]
INFO:root:[states]
INFO:root:[u]
INFO:root:[still]
INFO:root:[part]
INFO:root:[believe]
INFO:root:[money]
INFO:root:[didn]
INFO:root:[administration]
INFO:root:[whether]
INFO:root:[ask]
INFO:root:[down]
INFO:root:[united]
INFO:root:[state]
INFO:root:[show]
INFO:root:[work]
INFO:root:[support]
INFO:root:[white]
INFO:root:[s]
INFO:root:[michel]
INFO:root:[issues]
INFO:root:[national]
INFO:root:[before]
INFO:root:[sure]
INFO:root:[times]
INFO:root:[having]
INFO:root:[senator]
INFO:root:[republican]
INFO:root:[public]
INFO:root:[little]
INFO:root:[help]
INFO:root:[law]
INFO:root:[percent]
INFO:root:[able]
INFO:root:[policy]
INFO:root:[house]
INFO:root:[iraq]
INFO:root:[community]
INFO:root:[problem]
INFO:root:[week]
INFO:root:[put]
INFO:root:[care]
INFO:root:[tell]
INFO:root:[trying]
INFO:root:[federal]
INFO:root:[around]
INFO:root:[against]
INFO:root:[case]
INFO:root:[washington]
INFO:root:[feel]
INFO:root:[understand]
INFO:root:[political]
INFO:root:[important]
INFO:root:[course]
INFO:root:[joining]
INFO:root:[today]
INFO:root:[point]
INFO:root:[americans]
INFO:root:[number]
INFO:root:[n]
INFO:root:[big]
INFO:root:[give]
INFO:root:[may]
INFO:root:[job]
INFO:root:[different]
INFO:root:[health]
INFO:root:[might]
INFO:root:[both]
INFO:root:[certainly]
INFO:root:[african]
INFO:root:[change]
INFO:root:[long]
INFO:root:[every]
INFO:root:[through]
INFO:root:[we'll]
INFO:root:[former]
INFO:root:[plan]
INFO:root:[speaking]
INFO:root:[example]
INFO:root:[its]
INFO:root:[military]
INFO:root:[party]
INFO:root:[though]
INFO:root:[home]
INFO:root:[democrats]
INFO:root:[program]
INFO:root:[coming]
INFO:root:[doesn]
INFO:root:[office]
INFO:root:[looking]
INFO:root:[family]
INFO:root:[thought]
INFO:root:[forward]
INFO:root:[npr]
INFO:root:[terms]
INFO:root:[democratic]
INFO:root:[try]
INFO:root:[situation]
INFO:root:[off]
INFO:root:[leaders]
INFO:root:[use]
INFO:root:[again]
INFO:root:[women]
INFO:root:[economy]
INFO:root:[air]
INFO:root:[tax]
INFO:root:[terry]
INFO:root:[department]
INFO:root:[republicans]
INFO:root:[general]
INFO:root:[better]
INFO:root:[under]
INFO:root:[next]
INFO:root:[bill]
INFO:root:[made]
INFO:root:[happened]
INFO:root:[economic]
INFO:root:[system]
INFO:root:[find]
INFO:root:[couple]
INFO:root:[person]
INFO:root:[too]
INFO:root:[become]
INFO:root:[conversation]
INFO:root:[days]
INFO:root:[group]
INFO:root:[enough]
INFO:root:[that]
INFO:root:[opportunity]
INFO:root:[storycorps]
INFO:root:[seen]
INFO:root:[term]
INFO:root:[bush]
INFO:root:[interview]
INFO:root:[pay]
INFO:root:[movement]
INFO:root:[months]
INFO:root:[past]
INFO:root:[between]
INFO:root:[such]
INFO:root:[position]
INFO:root:[far]
INFO:root:[life]
INFO:root:[since]
INFO:root:[already]
INFO:root:[area]
INFO:root:[never]
INFO:root:[three]
INFO:root:[series]
INFO:root:[black]
INFO:root:[used]
INFO:root:[business]
INFO:root:[went]
INFO:root:[music]
INFO:root:[anything]
INFO:root:[given]
INFO:root:[place]
INFO:root:[season]
INFO:root:[news]
INFO:root:[level]
INFO:root:[happen]
INFO:root:[security]
INFO:root:[reason]
INFO:root:[fresh]
INFO:root:[provided]
INFO:root:[continue]
INFO:root:[professor]
INFO:root:[center]
INFO:root:[significant]
INFO:root:[secretary]
INFO:root:[needs]
INFO:root:[race]
INFO:root:[working]
INFO:root:[mr]
INFO:root:[ago]
INFO:root:[sort]
INFO:root:[keep]
INFO:root:[few]
INFO:root:[university]
INFO:root:[war]
INFO:root:[left]
INFO:root:[deal]
INFO:root:[vote]
INFO:root:[own]
INFO:root:[means]
INFO:root:[clear]
INFO:root:[talked]
INFO:root:[current]
INFO:root:[troops]
INFO:root:[majority]
INFO:root:[education]
INFO:root:[end]
INFO:root:[probably]
INFO:root:[international]
INFO:root:[pretty]
INFO:root:[senate]
INFO:root:[bad]
INFO:root:[wanted]
INFO:root:[rights]
INFO:root:[world]
INFO:root:[hard]
INFO:root:[everybody]
INFO:root:[million]
INFO:root:[kids]
INFO:root:[school]
INFO:root:[members]
INFO:root:[cost]
INFO:root:[least]
INFO:root:[told]
INFO:root:[another]
INFO:root:[gross]
INFO:root:[problems]
INFO:root:[role]
INFO:root:[second]
INFO:root:[city]
INFO:root:[start]
INFO:root:[countries]
INFO:root:[le]
INFO:root:[seeing]
INFO:root:[election]
INFO:root:[involved]
INFO:root:[rate]
INFO:root:[billion]
INFO:root:[financial]
INFO:root:[america]
INFO:root:[in]
INFO:root:[police]
INFO:root:[campaign]
INFO:root:[won]
INFO:root:[weeks]
INFO:root:[absolutely]
INFO:root:[civil]
INFO:root:[organization]
INFO:root:[four]
INFO:root:[david]
INFO:root:[sense]
INFO:root:[particularly]
INFO:root:[half]
INFO:root:[attorney]
INFO:root:[congressman]
INFO:root:[idea]
INFO:root:[heard]
INFO:root:[ways]
INFO:root:[justice]
INFO:root:[during]
INFO:root:[move]
INFO:root:[team]
INFO:root:[agree]
INFO:root:[remember]
INFO:root:[leadership]
INFO:root:[groups]
INFO:root:[transcript]
INFO:root:[body]
INFO:root:[side]
INFO:root:[children]
INFO:root:[decision]
INFO:root:[once]
INFO:root:[away]
INFO:root:[matter]
INFO:root:[folks]
INFO:root:[difficult]
INFO:root:[areas]
INFO:root:[communities]
INFO:root:[families]
INFO:root:[came]
INFO:root:[taking]
INFO:root:[programs]
INFO:root:[high]
INFO:root:[frankly]
INFO:root:[ever]
INFO:root:[taken]
INFO:root:[information]
INFO:root:[else]
INFO:root:[10]
INFO:root:[post]
INFO:root:[copyright]
INFO:root:[conservative]
INFO:root:[jobs]
INFO:root:[cases]
INFO:root:[obviously]
INFO:root:[interest]
INFO:root:[population]
INFO:root:[less]
INFO:root:[happening]
INFO:root:[dr]
INFO:root:[act]
INFO:root:[anti]
INFO:root:[asked]
INFO:root:[barack]
INFO:root:[numbers]
INFO:root:[mentioned]
INFO:root:[spoke]
INFO:root:[seems]
INFO:root:[social]
INFO:root:[leader]
INFO:root:[view]
INFO:root:[best]
INFO:root:[each]
INFO:root:[service]
INFO:root:[saw]
INFO:root:[found]
INFO:root:[night]
INFO:root:[five]
INFO:root:[several]
INFO:root:[personal]
INFO:root:[says]
INFO:root:[gay]
INFO:root:[market]
INFO:root:[exactly]
INFO:root:[income]
INFO:root:[across]
INFO:root:[concern]
INFO:root:[tory]
INFO:root:[real]
INFO:root:[isn]
INFO:root:[insurance]
INFO:root:[food]
INFO:root:[amendment]
INFO:root:[media]
INFO:root:[debate]
INFO:root:[either]
INFO:root:[certain]
INFO:root:[basically]
INFO:root:[final]
INFO:root:[episode]
INFO:root:[iran]
INFO:root:[hope]
INFO:root:[am]
INFO:root:[york]
INFO:root:[company]
INFO:root:[process]
INFO:root:[i'd]
INFO:root:[god]
INFO:root:[wasn]
INFO:root:[companies]
INFO:root:[provide]
INFO:root:[clinton]
INFO:root:[attention]
INFO:root:[simply]
INFO:root:[politics]
INFO:root:[answer]
INFO:root:[especially]
INFO:root:[report]
INFO:root:[speak]
INFO:root:[large]
INFO:root:[order]
INFO:root:[themselves]
INFO:root:[amount]
INFO:root:[album]
INFO:root:[chief]
INFO:root:[buy]
INFO:root:[officials]
INFO:root:[college]
INFO:root:[district]
INFO:root:[tv]
INFO:root:[afghanistan]
INFO:root:[run]
INFO:root:[governor]
INFO:root:[bring]
INFO:root:[call]
INFO:root:[yesterday]
INFO:root:[open]
INFO:root:[power]
INFO:root:[reform]
INFO:root:[article]
INFO:root:[address]
INFO:root:[guess]
INFO:root:[parents]
INFO:root:[game]
INFO:root:[response]
INFO:root:[started]
INFO:root:[increase]
INFO:root:[experience]
INFO:root:[everything]
INFO:root:[dollars]
INFO:root:[among]
INFO:root:[strong]
INFO:root:[court]
INFO:root:[fair]
INFO:root:[difference]
INFO:root:[set]
INFO:root:[students]
INFO:root:[future]
INFO:root:[efforts]
INFO:root:[mayor]
INFO:root:[fund]
INFO:root:[legal]
INFO:root:[clearly]
INFO:root:[major]
INFO:root:[staff]
INFO:root:[anybody]
INFO:root:[changed]
INFO:root:[reporting]
INFO:root:[thinking]
INFO:root:[while]
INFO:root:[opposition]
INFO:root:[okay]
INFO:root:[opinion]
INFO:root:[20]
INFO:root:[30]
INFO:root:[whatever]
INFO:root:[d]
INFO:root:[kinds]
INFO:root:[schools]
INFO:root:[iraqi]
INFO:root:[until]
INFO:root:[stop]
INFO:root:[turn]
INFO:root:[asking]
INFO:root:[telling]
INFO:root:[recently]
INFO:root:[happens]
INFO:root:[making]
INFO:root:[foreign]
INFO:root:[senior]
INFO:root:[others]
INFO:root:[perhaps]
INFO:root:[coverage]
INFO:root:[possible]
INFO:root:[mccain]
INFO:root:[almost]
INFO:root:[prohibition]
INFO:root:[services]
INFO:root:[offer]
INFO:root:[forces]
INFO:root:[committee]
INFO:root:[workers]
INFO:root:[likely]
INFO:root:[tea]
INFO:root:[vice]
INFO:root:[wants]
INFO:root:[paying]
INFO:root:[song]
INFO:root:[cannot]
INFO:root:[force]
INFO:root:[live]
INFO:root:[six]
INFO:root:[additional]
INFO:root:[voters]
INFO:root:[loans]
INFO:root:[songs]
INFO:root:[study]
INFO:root:[quite]
INFO:root:[minister]
INFO:root:[helping]
INFO:root:[month]
INFO:root:[head]
INFO:root:[responsibility]
INFO:root:[earlier]
INFO:root:[region]
INFO:root:[correspondent]
INFO:root:[hold]
INFO:root:[particular]
INFO:root:[higher]
INFO:root:[union]
INFO:root:[al]
INFO:root:[huge]
INFO:root:[risk]
INFO:root:[running]
INFO:root:[break]
INFO:root:[martin]
INFO:root:=========  done!  ============
INFO:root:Naive Bayes Classifier
